INFO:     Will watch for changes in these directories: ['/Users/yosefamen/Projects/inkbook-api']
INFO:     Uvicorn running on http://127.0.0.1:8000 (Press CTRL+C to quit)
INFO:     Started reloader process [31094] using StatReload
Process SpawnProcess-1:
Traceback (most recent call last):
  File "/opt/homebrew/Cellar/python@3.11/3.11.12/Frameworks/Python.framework/Versions/3.11/lib/python3.11/multiprocessing/process.py", line 314, in _bootstrap
    self.run()
  File "/opt/homebrew/Cellar/python@3.11/3.11.12/Frameworks/Python.framework/Versions/3.11/lib/python3.11/multiprocessing/process.py", line 108, in run
    self._target(*self._args, **self._kwargs)
  File "/Users/yosefamen/Projects/inkbook-api/venv/lib/python3.11/site-packages/uvicorn/_subprocess.py", line 78, in subprocess_started
    target(sockets=sockets)
  File "/Users/yosefamen/Projects/inkbook-api/venv/lib/python3.11/site-packages/uvicorn/server.py", line 62, in run
    return asyncio.run(self.serve(sockets=sockets))
           ^^^^^^^^^^^^^^^^^^^^^^^^^^^^^^^^^^^^^^^^
  File "/opt/homebrew/Cellar/python@3.11/3.11.12/Frameworks/Python.framework/Versions/3.11/lib/python3.11/asyncio/runners.py", line 190, in run
    return runner.run(main)
           ^^^^^^^^^^^^^^^^
  File "/opt/homebrew/Cellar/python@3.11/3.11.12/Frameworks/Python.framework/Versions/3.11/lib/python3.11/asyncio/runners.py", line 118, in run
    return self._loop.run_until_complete(task)
           ^^^^^^^^^^^^^^^^^^^^^^^^^^^^^^^^^^^
  File "/opt/homebrew/Cellar/python@3.11/3.11.12/Frameworks/Python.framework/Versions/3.11/lib/python3.11/asyncio/base_events.py", line 654, in run_until_complete
    return future.result()
           ^^^^^^^^^^^^^^^
  File "/Users/yosefamen/Projects/inkbook-api/venv/lib/python3.11/site-packages/uvicorn/server.py", line 69, in serve
    config.load()
  File "/Users/yosefamen/Projects/inkbook-api/venv/lib/python3.11/site-packages/uvicorn/config.py", line 458, in load
    self.loaded_app = import_from_string(self.app)
                      ^^^^^^^^^^^^^^^^^^^^^^^^^^^^
  File "/Users/yosefamen/Projects/inkbook-api/venv/lib/python3.11/site-packages/uvicorn/importer.py", line 21, in import_from_string
    module = importlib.import_module(module_str)
             ^^^^^^^^^^^^^^^^^^^^^^^^^^^^^^^^^^^
  File "/opt/homebrew/Cellar/python@3.11/3.11.12/Frameworks/Python.framework/Versions/3.11/lib/python3.11/importlib/__init__.py", line 126, in import_module
    return _bootstrap._gcd_import(name[level:], package, level)
           ^^^^^^^^^^^^^^^^^^^^^^^^^^^^^^^^^^^^^^^^^^^^^^^^^^^^
  File "<frozen importlib._bootstrap>", line 1204, in _gcd_import
  File "<frozen importlib._bootstrap>", line 1176, in _find_and_load
  File "<frozen importlib._bootstrap>", line 1147, in _find_and_load_unlocked
  File "<frozen importlib._bootstrap>", line 690, in _load_unlocked
  File "<frozen importlib._bootstrap_external>", line 940, in exec_module
  File "<frozen importlib._bootstrap>", line 241, in _call_with_frames_removed
  File "/Users/yosefamen/Projects/inkbook-api/main.py", line 4, in <module>
    from routes.appointments import router as appointments_router
  File "/Users/yosefamen/Projects/inkbook-api/routes/appointments.py", line 8, in <module>
    from db.supabase_client import supabase
  File "/Users/yosefamen/Projects/inkbook-api/db/supabase_client.py", line 14, in <module>
    supabase: Client = create_client(
                       ^^^^^^^^^^^^^^
  File "/Users/yosefamen/Projects/inkbook-api/venv/lib/python3.11/site-packages/supabase/_sync/client.py", line 332, in create_client
    return SyncClient.create(
           ^^^^^^^^^^^^^^^^^^
  File "/Users/yosefamen/Projects/inkbook-api/venv/lib/python3.11/site-packages/supabase/_sync/client.py", line 102, in create
    client = cls(supabase_url, supabase_key, options)
             ^^^^^^^^^^^^^^^^^^^^^^^^^^^^^^^^^^^^^^^^
  File "/Users/yosefamen/Projects/inkbook-api/venv/lib/python3.11/site-packages/supabase/_sync/client.py", line 80, in __init__
    self.auth = self._init_supabase_auth_client(
                ^^^^^^^^^^^^^^^^^^^^^^^^^^^^^^^^
  File "/Users/yosefamen/Projects/inkbook-api/venv/lib/python3.11/site-packages/supabase/_sync/client.py", line 243, in _init_supabase_auth_client
    return SyncSupabaseAuthClient(
           ^^^^^^^^^^^^^^^^^^^^^^^
  File "/Users/yosefamen/Projects/inkbook-api/venv/lib/python3.11/site-packages/supabase/_sync/auth_client.py", line 32, in __init__
    SyncGoTrueClient.__init__(
  File "/Users/yosefamen/Projects/inkbook-api/venv/lib/python3.11/site-packages/gotrue/_sync/gotrue_client.py", line 101, in __init__
    SyncGoTrueBaseAPI.__init__(
  File "/Users/yosefamen/Projects/inkbook-api/venv/lib/python3.11/site-packages/gotrue/_sync/gotrue_base_api.py", line 28, in __init__
    self._http_client = http_client or SyncClient(
                                       ^^^^^^^^^^^
TypeError: Client.__init__() got an unexpected keyword argument 'proxy'
INFO:     Stopping reloader process [31094]
